{"name": "test_cancel_delete_project", "status": "broken", "statusDetails": {"message": "selenium.common.exceptions.StaleElementReferenceException: Message: stale element reference: element is not attached to the page document\n  (Session info: chrome=111.0.5563.149)\nStacktrace:\nBacktrace:\n\t(No symbol) [0x00F1DCE3]\n\t(No symbol) [0x00EB39D1]\n\t(No symbol) [0x00DC4DA8]\n\t(No symbol) [0x00DC76FB]\n\t(No symbol) [0x00DC75D0]\n\t(No symbol) [0x00DC7850]\n\t(No symbol) [0x00DEC330]\n\t(No symbol) [0x00E0AECC]\n\t(No symbol) [0x00DE8726]\n\t(No symbol) [0x00E0B224]\n\t(No symbol) [0x00E1D57C]\n\t(No symbol) [0x00E0ACC6]\n\t(No symbol) [0x00DE6F68]\n\t(No symbol) [0x00DE80CD]\n\tGetHandleVerifier [0x01193832+2506274]\n\tGetHandleVerifier [0x011C9794+2727300]\n\tGetHandleVerifier [0x011CE36C+2746716]\n\tGetHandleVerifier [0x00FC6690+617600]\n\t(No symbol) [0x00EBC712]\n\t(No symbol) [0x00EC1FF8]\n\t(No symbol) [0x00EC20DB]\n\t(No symbol) [0x00ECC63B]\n\tBaseThreadInitThunk [0x76378744+36]\n\tRtlGetAppContainerNamedObjectPath [0x7752587D+253]\n\tRtlGetAppContainerNamedObjectPath [0x7752584D+205]", "trace": "self = <test_deleteproject.TestDeleteProject object at 0x000001CDB1390640>, test_setup = None\n\n    @allure.description(\"Cancel while deleting project\")\n    @allure.severity(severity_level = \"CRITICAL\")\n    def test_cancel_delete_project(self, test_setup):\n        email_data = \"labelstudio09@gmail.com\"\n        password_data = \"1234asdfASDF\"\n        with allure.step(\"Sign in Label Studio\"):\n            email = driver.find_element(By.ID,'email')\n            email.send_keys(email_data)\n            password = driver.find_element(By.ID,'password')\n            password.send_keys(password_data)\n            login_button = driver.find_element(By.CLASS_NAME,'ls-button_look_primary')\n            login_button.click()\n        list_project = driver.find_elements(By.CLASS_NAME, \"ls-projects-page__link\")\n        list_project[0].click()\n    \n        with allure.step(\"Click Settings\"):\n            settings_button = driver.find_element(By.CLASS_NAME, \"ls-button_look_\")\n            if settings_button.text == \"Settings\":\n                settings_button.click()\n    \n        with allure.step(\"Click Danger Zone\"):\n            list_main_menu_item = driver.find_elements(By.CLASS_NAME, \"ls-main-menu__item\")\n            for item in list_main_menu_item:\n                if item.text == \"Danger Zone\":\n                    item.click()\n                    break\n    \n        list_main_menu_button = driver.find_elements(By.CLASS_NAME, \"ls-button_look_danger\")\n        for item in list_main_menu_button:\n            driver.implicitly_wait(5)\n            if item.text == \"Delete Project\":\n                item.click()\n                break\n    \n        with allure.step(\"Click Cancel\"):\n            driver.implicitly_wait(5)\n            if driver.find_element(By.CLASS_NAME, \"ls-modal__body\"):\n                driver.implicitly_wait(15)\n                list_button = driver.find_elements(By.CLASS_NAME, \"ls-button\")\n                print(len(list_button))\n                for button in list_button:\n>                   print(button.text)\n\ntest\\test_deleteproject.py:105: \n_ _ _ _ _ _ _ _ _ _ _ _ _ _ _ _ _ _ _ _ _ _ _ _ _ _ _ _ _ _ _ _ _ _ _ _ _ _ _ _ _ _ _ _ _ _ _ _ _ _ _ _ _ _ _\nC:\\Users\\Dung DeLL 7537\\AppData\\Roaming\\Python\\Python310\\site-packages\\selenium\\webdriver\\remote\\webelement.py:90: in text\n    return self._execute(Command.GET_ELEMENT_TEXT)[\"value\"]\nC:\\Users\\Dung DeLL 7537\\AppData\\Roaming\\Python\\Python310\\site-packages\\selenium\\webdriver\\remote\\webelement.py:404: in _execute\n    return self._parent.execute(command, params)\nC:\\Users\\Dung DeLL 7537\\AppData\\Roaming\\Python\\Python310\\site-packages\\selenium\\webdriver\\remote\\webdriver.py:440: in execute\n    self.error_handler.check_response(response)\n_ _ _ _ _ _ _ _ _ _ _ _ _ _ _ _ _ _ _ _ _ _ _ _ _ _ _ _ _ _ _ _ _ _ _ _ _ _ _ _ _ _ _ _ _ _ _ _ _ _ _ _ _ _ _\n\nself = <selenium.webdriver.remote.errorhandler.ErrorHandler object at 0x000001CDB1390A90>\nresponse = {'status': 404, 'value': '{\"value\":{\"error\":\"stale element reference\",\"message\":\"stale element reference: element is n...\\n\\\\tRtlGetAppContainerNamedObjectPath [0x7752587D+253]\\\\n\\\\tRtlGetAppContainerNamedObjectPath [0x7752584D+205]\\\\n\"}}'}\n\n    def check_response(self, response: Dict[str, Any]) -> None:\n        \"\"\"Checks that a JSON response from the WebDriver does not have an\n        error.\n    \n        :Args:\n         - response - The JSON response from the WebDriver server as a dictionary\n           object.\n    \n        :Raises: If the response contains an error message.\n        \"\"\"\n        status = response.get(\"status\", None)\n        if not status or status == ErrorCode.SUCCESS:\n            return\n        value = None\n        message = response.get(\"message\", \"\")\n        screen: str = response.get(\"screen\", \"\")\n        stacktrace = None\n        if isinstance(status, int):\n            value_json = response.get(\"value\", None)\n            if value_json and isinstance(value_json, str):\n                import json\n    \n                try:\n                    value = json.loads(value_json)\n                    if len(value) == 1:\n                        value = value[\"value\"]\n                    status = value.get(\"error\", None)\n                    if not status:\n                        status = value.get(\"status\", ErrorCode.UNKNOWN_ERROR)\n                        message = value.get(\"value\") or value.get(\"message\")\n                        if not isinstance(message, str):\n                            value = message\n                            message = message.get(\"message\")\n                    else:\n                        message = value.get(\"message\", None)\n                except ValueError:\n                    pass\n    \n        exception_class: Type[WebDriverException]\n        if status in ErrorCode.NO_SUCH_ELEMENT:\n            exception_class = NoSuchElementException\n        elif status in ErrorCode.NO_SUCH_FRAME:\n            exception_class = NoSuchFrameException\n        elif status in ErrorCode.NO_SUCH_SHADOW_ROOT:\n            exception_class = NoSuchShadowRootException\n        elif status in ErrorCode.NO_SUCH_WINDOW:\n            exception_class = NoSuchWindowException\n        elif status in ErrorCode.STALE_ELEMENT_REFERENCE:\n            exception_class = StaleElementReferenceException\n        elif status in ErrorCode.ELEMENT_NOT_VISIBLE:\n            exception_class = ElementNotVisibleException\n        elif status in ErrorCode.INVALID_ELEMENT_STATE:\n            exception_class = InvalidElementStateException\n        elif (\n            status in ErrorCode.INVALID_SELECTOR\n            or status in ErrorCode.INVALID_XPATH_SELECTOR\n            or status in ErrorCode.INVALID_XPATH_SELECTOR_RETURN_TYPER\n        ):\n            exception_class = InvalidSelectorException\n        elif status in ErrorCode.ELEMENT_IS_NOT_SELECTABLE:\n            exception_class = ElementNotSelectableException\n        elif status in ErrorCode.ELEMENT_NOT_INTERACTABLE:\n            exception_class = ElementNotInteractableException\n        elif status in ErrorCode.INVALID_COOKIE_DOMAIN:\n            exception_class = InvalidCookieDomainException\n        elif status in ErrorCode.UNABLE_TO_SET_COOKIE:\n            exception_class = UnableToSetCookieException\n        elif status in ErrorCode.TIMEOUT:\n            exception_class = TimeoutException\n        elif status in ErrorCode.SCRIPT_TIMEOUT:\n            exception_class = TimeoutException\n        elif status in ErrorCode.UNKNOWN_ERROR:\n            exception_class = WebDriverException\n        elif status in ErrorCode.UNEXPECTED_ALERT_OPEN:\n            exception_class = UnexpectedAlertPresentException\n        elif status in ErrorCode.NO_ALERT_OPEN:\n            exception_class = NoAlertPresentException\n        elif status in ErrorCode.IME_NOT_AVAILABLE:\n            exception_class = ImeNotAvailableException\n        elif status in ErrorCode.IME_ENGINE_ACTIVATION_FAILED:\n            exception_class = ImeActivationFailedException\n        elif status in ErrorCode.MOVE_TARGET_OUT_OF_BOUNDS:\n            exception_class = MoveTargetOutOfBoundsException\n        elif status in ErrorCode.JAVASCRIPT_ERROR:\n            exception_class = JavascriptException\n        elif status in ErrorCode.SESSION_NOT_CREATED:\n            exception_class = SessionNotCreatedException\n        elif status in ErrorCode.INVALID_ARGUMENT:\n            exception_class = InvalidArgumentException\n        elif status in ErrorCode.NO_SUCH_COOKIE:\n            exception_class = NoSuchCookieException\n        elif status in ErrorCode.UNABLE_TO_CAPTURE_SCREEN:\n            exception_class = ScreenshotException\n        elif status in ErrorCode.ELEMENT_CLICK_INTERCEPTED:\n            exception_class = ElementClickInterceptedException\n        elif status in ErrorCode.INSECURE_CERTIFICATE:\n            exception_class = InsecureCertificateException\n        elif status in ErrorCode.INVALID_COORDINATES:\n            exception_class = InvalidCoordinatesException\n        elif status in ErrorCode.INVALID_SESSION_ID:\n            exception_class = InvalidSessionIdException\n        elif status in ErrorCode.UNKNOWN_METHOD:\n            exception_class = UnknownMethodException\n        else:\n            exception_class = WebDriverException\n        if not value:\n            value = response[\"value\"]\n        if isinstance(value, str):\n            raise exception_class(value)\n        if message == \"\" and \"message\" in value:\n            message = value[\"message\"]\n    \n        screen = None  # type: ignore[assignment]\n        if \"screen\" in value:\n            screen = value[\"screen\"]\n    \n        stacktrace = None\n        st_value = value.get(\"stackTrace\") or value.get(\"stacktrace\")\n        if st_value:\n            if isinstance(st_value, str):\n                stacktrace = st_value.split(\"\\n\")\n            else:\n                stacktrace = []\n                try:\n                    for frame in st_value:\n                        line = frame.get(\"lineNumber\", \"\")\n                        file = frame.get(\"fileName\", \"<anonymous>\")\n                        if line:\n                            file = f\"{file}:{line}\"\n                        meth = frame.get(\"methodName\", \"<anonymous>\")\n                        if \"className\" in frame:\n                            meth = f\"{frame['className']}.{meth}\"\n                        msg = \"    at %s (%s)\"\n                        msg = msg % (meth, file)\n                        stacktrace.append(msg)\n                except TypeError:\n                    pass\n        if exception_class == UnexpectedAlertPresentException:\n            alert_text = None\n            if \"data\" in value:\n                alert_text = value[\"data\"].get(\"text\")\n            elif \"alert\" in value:\n                alert_text = value[\"alert\"].get(\"text\")\n            raise exception_class(message, screen, stacktrace, alert_text)  # type: ignore[call-arg]  # mypy is not smart enough here\n>       raise exception_class(message, screen, stacktrace)\nE       selenium.common.exceptions.StaleElementReferenceException: Message: stale element reference: element is not attached to the page document\nE         (Session info: chrome=111.0.5563.149)\nE       Stacktrace:\nE       Backtrace:\nE       \t(No symbol) [0x00F1DCE3]\nE       \t(No symbol) [0x00EB39D1]\nE       \t(No symbol) [0x00DC4DA8]\nE       \t(No symbol) [0x00DC76FB]\nE       \t(No symbol) [0x00DC75D0]\nE       \t(No symbol) [0x00DC7850]\nE       \t(No symbol) [0x00DEC330]\nE       \t(No symbol) [0x00E0AECC]\nE       \t(No symbol) [0x00DE8726]\nE       \t(No symbol) [0x00E0B224]\nE       \t(No symbol) [0x00E1D57C]\nE       \t(No symbol) [0x00E0ACC6]\nE       \t(No symbol) [0x00DE6F68]\nE       \t(No symbol) [0x00DE80CD]\nE       \tGetHandleVerifier [0x01193832+2506274]\nE       \tGetHandleVerifier [0x011C9794+2727300]\nE       \tGetHandleVerifier [0x011CE36C+2746716]\nE       \tGetHandleVerifier [0x00FC6690+617600]\nE       \t(No symbol) [0x00EBC712]\nE       \t(No symbol) [0x00EC1FF8]\nE       \t(No symbol) [0x00EC20DB]\nE       \t(No symbol) [0x00ECC63B]\nE       \tBaseThreadInitThunk [0x76378744+36]\nE       \tRtlGetAppContainerNamedObjectPath [0x7752587D+253]\nE       \tRtlGetAppContainerNamedObjectPath [0x7752584D+205]\n\nC:\\Users\\Dung DeLL 7537\\AppData\\Roaming\\Python\\Python310\\site-packages\\selenium\\webdriver\\remote\\errorhandler.py:245: StaleElementReferenceException"}, "description": "Cancel while deleting project", "steps": [{"name": "Sign in Label Studio", "status": "passed", "start": 1681629258305, "stop": 1681629260481}, {"name": "Click Settings", "status": "passed", "start": 1681629260889, "stop": 1681629262684}, {"name": "Click Danger Zone", "status": "passed", "start": 1681629262684, "stop": 1681629263105}, {"name": "Click Cancel", "status": "broken", "statusDetails": {"message": "selenium.common.exceptions.StaleElementReferenceException: Message: stale element reference: element is not attached to the page document\n  (Session info: chrome=111.0.5563.149)\nStacktrace:\nBacktrace:\n\t(No symbol) [0x00F1DCE3]\n\t(No symbol) [0x00EB39D1]\n\t(No symbol) [0x00DC4DA8]\n\t(No symbol) [0x00DC76FB]\n\t(No symbol) [0x00DC75D0]\n\t(No symbol) [0x00DC7850]\n\t(No symbol) [0x00DEC330]\n\t(No symbol) [0x00E0AECC]\n\t(No symbol) [0x00DE8726]\n\t(No symbol) [0x00E0B224]\n\t(No symbol) [0x00E1D57C]\n\t(No symbol) [0x00E0ACC6]\n\t(No symbol) [0x00DE6F68]\n\t(No symbol) [0x00DE80CD]\n\tGetHandleVerifier [0x01193832+2506274]\n\tGetHandleVerifier [0x011C9794+2727300]\n\tGetHandleVerifier [0x011CE36C+2746716]\n\tGetHandleVerifier [0x00FC6690+617600]\n\t(No symbol) [0x00EBC712]\n\t(No symbol) [0x00EC1FF8]\n\t(No symbol) [0x00EC20DB]\n\t(No symbol) [0x00ECC63B]\n\tBaseThreadInitThunk [0x76378744+36]\n\tRtlGetAppContainerNamedObjectPath [0x7752587D+253]\n\tRtlGetAppContainerNamedObjectPath [0x7752584D+205]\n\n", "trace": "  File \"D:\\Cong cu va Moi truong phat trien phan mem\\TestLabelStudio\\Nhom9_LabelStudio\\test\\test_deleteproject.py\", line 105, in test_cancel_delete_project\n    print(button.text)\n  File \"C:\\Users\\Dung DeLL 7537\\AppData\\Roaming\\Python\\Python310\\site-packages\\selenium\\webdriver\\remote\\webelement.py\", line 90, in text\n    return self._execute(Command.GET_ELEMENT_TEXT)[\"value\"]\n  File \"C:\\Users\\Dung DeLL 7537\\AppData\\Roaming\\Python\\Python310\\site-packages\\selenium\\webdriver\\remote\\webelement.py\", line 404, in _execute\n    return self._parent.execute(command, params)\n  File \"C:\\Users\\Dung DeLL 7537\\AppData\\Roaming\\Python\\Python310\\site-packages\\selenium\\webdriver\\remote\\webdriver.py\", line 440, in execute\n    self.error_handler.check_response(response)\n  File \"C:\\Users\\Dung DeLL 7537\\AppData\\Roaming\\Python\\Python310\\site-packages\\selenium\\webdriver\\remote\\errorhandler.py\", line 245, in check_response\n    raise exception_class(message, screen, stacktrace)\n"}, "start": 1681629263329, "stop": 1681629263978}], "start": 1681629258305, "stop": 1681629264030, "uuid": "c439ca9a-ef41-44a8-85aa-2b99c74d64c9", "historyId": "f26e0205e83dbbe3de93ee8b50c81d0d", "testCaseId": "0ec4e2b1f7f3ab47ae2a2fb4bb61477c", "fullName": "test.test_deleteproject.TestDeleteProject#test_cancel_delete_project", "labels": [{"name": "severity", "value": "CRITICAL"}, {"name": "parentSuite", "value": "test"}, {"name": "suite", "value": "test_deleteproject"}, {"name": "subSuite", "value": "TestDeleteProject"}, {"name": "host", "value": "DESKTOP-GUK9NB5"}, {"name": "thread", "value": "13008-MainThread"}, {"name": "framework", "value": "pytest"}, {"name": "language", "value": "cpython3"}, {"name": "package", "value": "test.test_deleteproject"}]}